<?xml version="1.0" encoding="UTF-8"?>
<testsuite xmlns:xsi="http://www.w3.org/2001/XMLSchema-instance" xsi:noNamespaceSchemaLocation="https://maven.apache.org/surefire/maven-surefire-plugin/xsd/surefire-test-report-3.0.xsd" version="3.0" name="com.aigen.sims.routing.LoRASwitcherTest" time="1.339" tests="11" errors="0" skipped="0" failures="1">
  <properties>
[...]
</properties>
  <testcase name="testAverageSwitchTime" classname="com.aigen.sims.routing.LoRASwitcherTest" time="0.995">
    <system-out><![CDATA[18:01:25.013 [main] INFO com.aigen.sims.routing.LoRASwitcher -- Initializing LoRA adapters...
18:01:25.033 [main] INFO com.aigen.sims.routing.LoRASwitcher --   ? LoRA adapter initialized: CHAT
18:01:25.043 [main] INFO com.aigen.sims.routing.LoRASwitcher --   ? LoRA adapter initialized: CODE
18:01:25.043 [main] INFO com.aigen.sims.routing.LoRASwitcher --   ? LoRA adapter initialized: PATHFIND
18:01:25.043 [main] INFO com.aigen.sims.routing.LoRASwitcher --   ? LoRA adapter initialized: MOTIVES
18:01:25.043 [main] INFO com.aigen.sims.routing.LoRASwitcher --   ? LoRA adapter initialized: CAREER
18:01:25.043 [main] INFO com.aigen.sims.routing.LoRASwitcher --   ? LoRA adapter initialized: ANALYSIS
18:01:25.043 [main] INFO com.aigen.sims.routing.LoRASwitcher -- LoRA switcher initialized with 6 adapters, starting with: CHAT
18:01:25.053 [main] DEBUG com.aigen.sims.routing.LoRAAdapter -- Unloading LoRA adapter weights: CHAT
18:01:25.053 [main] DEBUG com.aigen.sims.routing.LoRAAdapter -- Loading LoRA adapter weights: CODE
18:01:25.056 [main] INFO com.aigen.sims.routing.LoRASwitcher -- Switched LoRA adapter: CHAT ? CODE (0ms)
18:01:25.056 [main] DEBUG com.aigen.sims.routing.LoRAAdapter -- Unloading LoRA adapter weights: CODE
18:01:25.056 [main] DEBUG com.aigen.sims.routing.LoRAAdapter -- Loading LoRA adapter weights: PATHFIND
18:01:25.056 [main] INFO com.aigen.sims.routing.LoRASwitcher -- Switched LoRA adapter: CODE ? PATHFIND (0ms)
18:01:25.056 [main] DEBUG com.aigen.sims.routing.LoRAAdapter -- Unloading LoRA adapter weights: PATHFIND
18:01:25.056 [main] DEBUG com.aigen.sims.routing.LoRAAdapter -- Loading LoRA adapter weights: MOTIVES
18:01:25.056 [main] INFO com.aigen.sims.routing.LoRASwitcher -- Switched LoRA adapter: PATHFIND ? MOTIVES (0ms)
]]></system-out>
  </testcase>
  <testcase name="testContextPreservation" classname="com.aigen.sims.routing.LoRASwitcherTest" time="0.011">
    <system-out><![CDATA[18:01:25.407 [main] INFO com.aigen.sims.routing.LoRASwitcher -- Initializing LoRA adapters...
18:01:25.407 [main] INFO com.aigen.sims.routing.LoRASwitcher --   ? LoRA adapter initialized: CHAT
18:01:25.407 [main] INFO com.aigen.sims.routing.LoRASwitcher --   ? LoRA adapter initialized: CODE
18:01:25.407 [main] INFO com.aigen.sims.routing.LoRASwitcher --   ? LoRA adapter initialized: PATHFIND
18:01:25.407 [main] INFO com.aigen.sims.routing.LoRASwitcher --   ? LoRA adapter initialized: MOTIVES
18:01:25.407 [main] INFO com.aigen.sims.routing.LoRASwitcher --   ? LoRA adapter initialized: CAREER
18:01:25.407 [main] INFO com.aigen.sims.routing.LoRASwitcher --   ? LoRA adapter initialized: ANALYSIS
18:01:25.407 [main] INFO com.aigen.sims.routing.LoRASwitcher -- LoRA switcher initialized with 6 adapters, starting with: CHAT
]]></system-out>
  </testcase>
  <testcase name="testSwitchTime" classname="com.aigen.sims.routing.LoRASwitcherTest" time="0.032">
    <system-out><![CDATA[18:01:25.428 [main] INFO com.aigen.sims.routing.LoRASwitcher -- Initializing LoRA adapters...
18:01:25.428 [main] INFO com.aigen.sims.routing.LoRASwitcher --   ? LoRA adapter initialized: CHAT
18:01:25.428 [main] INFO com.aigen.sims.routing.LoRASwitcher --   ? LoRA adapter initialized: CODE
18:01:25.428 [main] INFO com.aigen.sims.routing.LoRASwitcher --   ? LoRA adapter initialized: PATHFIND
18:01:25.428 [main] INFO com.aigen.sims.routing.LoRASwitcher --   ? LoRA adapter initialized: MOTIVES
18:01:25.428 [main] INFO com.aigen.sims.routing.LoRASwitcher --   ? LoRA adapter initialized: CAREER
18:01:25.428 [main] INFO com.aigen.sims.routing.LoRASwitcher --   ? LoRA adapter initialized: ANALYSIS
18:01:25.428 [main] INFO com.aigen.sims.routing.LoRASwitcher -- LoRA switcher initialized with 6 adapters, starting with: CHAT
18:01:25.428 [main] DEBUG com.aigen.sims.routing.LoRAAdapter -- Unloading LoRA adapter weights: CHAT
18:01:25.428 [main] DEBUG com.aigen.sims.routing.LoRAAdapter -- Loading LoRA adapter weights: CODE
18:01:25.428 [main] INFO com.aigen.sims.routing.LoRASwitcher -- Switched LoRA adapter: CHAT ? CODE (0ms)
]]></system-out>
  </testcase>
  <testcase name="testInitialAdapter" classname="com.aigen.sims.routing.LoRASwitcherTest" time="0.011">
    <system-out><![CDATA[18:01:25.458 [main] INFO com.aigen.sims.routing.LoRASwitcher -- Initializing LoRA adapters...
18:01:25.458 [main] INFO com.aigen.sims.routing.LoRASwitcher --   ? LoRA adapter initialized: CHAT
18:01:25.458 [main] INFO com.aigen.sims.routing.LoRASwitcher --   ? LoRA adapter initialized: CODE
18:01:25.458 [main] INFO com.aigen.sims.routing.LoRASwitcher --   ? LoRA adapter initialized: PATHFIND
18:01:25.458 [main] INFO com.aigen.sims.routing.LoRASwitcher --   ? LoRA adapter initialized: MOTIVES
18:01:25.458 [main] INFO com.aigen.sims.routing.LoRASwitcher --   ? LoRA adapter initialized: CAREER
18:01:25.466 [main] INFO com.aigen.sims.routing.LoRASwitcher --   ? LoRA adapter initialized: ANALYSIS
18:01:25.466 [main] INFO com.aigen.sims.routing.LoRASwitcher -- LoRA switcher initialized with 6 adapters, starting with: CHAT
]]></system-out>
  </testcase>
  <testcase name="testSwitchToSameAdapter" classname="com.aigen.sims.routing.LoRASwitcherTest" time="0.009">
    <system-out><![CDATA[18:01:25.476 [main] INFO com.aigen.sims.routing.LoRASwitcher -- Initializing LoRA adapters...
18:01:25.476 [main] INFO com.aigen.sims.routing.LoRASwitcher --   ? LoRA adapter initialized: CHAT
18:01:25.478 [main] INFO com.aigen.sims.routing.LoRASwitcher --   ? LoRA adapter initialized: CODE
18:01:25.478 [main] INFO com.aigen.sims.routing.LoRASwitcher --   ? LoRA adapter initialized: PATHFIND
18:01:25.478 [main] INFO com.aigen.sims.routing.LoRASwitcher --   ? LoRA adapter initialized: MOTIVES
18:01:25.478 [main] INFO com.aigen.sims.routing.LoRASwitcher --   ? LoRA adapter initialized: CAREER
18:01:25.478 [main] INFO com.aigen.sims.routing.LoRASwitcher --   ? LoRA adapter initialized: ANALYSIS
18:01:25.478 [main] INFO com.aigen.sims.routing.LoRASwitcher -- LoRA switcher initialized with 6 adapters, starting with: CHAT
18:01:25.478 [main] DEBUG com.aigen.sims.routing.LoRASwitcher -- Already on adapter: CHAT
]]></system-out>
  </testcase>
  <testcase name="testCircularSwitching" classname="com.aigen.sims.routing.LoRASwitcherTest" time="0.01">
    <system-out><![CDATA[18:01:25.488 [main] INFO com.aigen.sims.routing.LoRASwitcher -- Initializing LoRA adapters...
18:01:25.488 [main] INFO com.aigen.sims.routing.LoRASwitcher --   ? LoRA adapter initialized: CHAT
18:01:25.488 [main] INFO com.aigen.sims.routing.LoRASwitcher --   ? LoRA adapter initialized: CODE
18:01:25.488 [main] INFO com.aigen.sims.routing.LoRASwitcher --   ? LoRA adapter initialized: PATHFIND
18:01:25.488 [main] INFO com.aigen.sims.routing.LoRASwitcher --   ? LoRA adapter initialized: MOTIVES
18:01:25.488 [main] INFO com.aigen.sims.routing.LoRASwitcher --   ? LoRA adapter initialized: CAREER
18:01:25.488 [main] INFO com.aigen.sims.routing.LoRASwitcher --   ? LoRA adapter initialized: ANALYSIS
18:01:25.488 [main] INFO com.aigen.sims.routing.LoRASwitcher -- LoRA switcher initialized with 6 adapters, starting with: CHAT
18:01:25.488 [main] DEBUG com.aigen.sims.routing.LoRAAdapter -- Unloading LoRA adapter weights: CHAT
18:01:25.488 [main] DEBUG com.aigen.sims.routing.LoRAAdapter -- Loading LoRA adapter weights: CODE
18:01:25.488 [main] INFO com.aigen.sims.routing.LoRASwitcher -- Switched LoRA adapter: CHAT ? CODE (0ms)
18:01:25.488 [main] DEBUG com.aigen.sims.routing.LoRAAdapter -- Unloading LoRA adapter weights: CODE
18:01:25.488 [main] DEBUG com.aigen.sims.routing.LoRAAdapter -- Loading LoRA adapter weights: PATHFIND
18:01:25.488 [main] INFO com.aigen.sims.routing.LoRASwitcher -- Switched LoRA adapter: CODE ? PATHFIND (0ms)
18:01:25.488 [main] DEBUG com.aigen.sims.routing.LoRAAdapter -- Unloading LoRA adapter weights: PATHFIND
18:01:25.488 [main] DEBUG com.aigen.sims.routing.LoRAAdapter -- Loading LoRA adapter weights: MOTIVES
18:01:25.494 [main] INFO com.aigen.sims.routing.LoRASwitcher -- Switched LoRA adapter: PATHFIND ? MOTIVES (0ms)
18:01:25.494 [main] DEBUG com.aigen.sims.routing.LoRAAdapter -- Unloading LoRA adapter weights: MOTIVES
18:01:25.494 [main] DEBUG com.aigen.sims.routing.LoRAAdapter -- Loading LoRA adapter weights: CAREER
18:01:25.494 [main] INFO com.aigen.sims.routing.LoRASwitcher -- Switched LoRA adapter: MOTIVES ? CAREER (0ms)
18:01:25.494 [main] DEBUG com.aigen.sims.routing.LoRAAdapter -- Unloading LoRA adapter weights: CAREER
18:01:25.494 [main] DEBUG com.aigen.sims.routing.LoRAAdapter -- Loading LoRA adapter weights: ANALYSIS
18:01:25.494 [main] INFO com.aigen.sims.routing.LoRASwitcher -- Switched LoRA adapter: CAREER ? ANALYSIS (0ms)
18:01:25.494 [main] DEBUG com.aigen.sims.routing.LoRAAdapter -- Unloading LoRA adapter weights: ANALYSIS
18:01:25.494 [main] DEBUG com.aigen.sims.routing.LoRAAdapter -- Loading LoRA adapter weights: CHAT
18:01:25.494 [main] INFO com.aigen.sims.routing.LoRASwitcher -- Switched LoRA adapter: ANALYSIS ? CHAT (0ms)
]]></system-out>
  </testcase>
  <testcase name="testAdapterInitialization" classname="com.aigen.sims.routing.LoRASwitcherTest" time="0.051">
    <system-out><![CDATA[18:01:25.498 [main] INFO com.aigen.sims.routing.LoRASwitcher -- Initializing LoRA adapters...
18:01:25.498 [main] INFO com.aigen.sims.routing.LoRASwitcher --   ? LoRA adapter initialized: CHAT
18:01:25.498 [main] INFO com.aigen.sims.routing.LoRASwitcher --   ? LoRA adapter initialized: CODE
18:01:25.498 [main] INFO com.aigen.sims.routing.LoRASwitcher --   ? LoRA adapter initialized: PATHFIND
18:01:25.498 [main] INFO com.aigen.sims.routing.LoRASwitcher --   ? LoRA adapter initialized: MOTIVES
18:01:25.498 [main] INFO com.aigen.sims.routing.LoRASwitcher --   ? LoRA adapter initialized: CAREER
18:01:25.509 [main] INFO com.aigen.sims.routing.LoRASwitcher --   ? LoRA adapter initialized: ANALYSIS
18:01:25.509 [main] INFO com.aigen.sims.routing.LoRASwitcher -- LoRA switcher initialized with 6 adapters, starting with: CHAT
]]></system-out>
  </testcase>
  <testcase name="testAllAdapterTypes" classname="com.aigen.sims.routing.LoRASwitcherTest" time="0.011">
    <system-out><![CDATA[18:01:25.559 [main] INFO com.aigen.sims.routing.LoRASwitcher -- Initializing LoRA adapters...
18:01:25.559 [main] INFO com.aigen.sims.routing.LoRASwitcher --   ? LoRA adapter initialized: CHAT
18:01:25.559 [main] INFO com.aigen.sims.routing.LoRASwitcher --   ? LoRA adapter initialized: CODE
18:01:25.559 [main] INFO com.aigen.sims.routing.LoRASwitcher --   ? LoRA adapter initialized: PATHFIND
18:01:25.559 [main] INFO com.aigen.sims.routing.LoRASwitcher --   ? LoRA adapter initialized: MOTIVES
18:01:25.559 [main] INFO com.aigen.sims.routing.LoRASwitcher --   ? LoRA adapter initialized: CAREER
18:01:25.559 [main] INFO com.aigen.sims.routing.LoRASwitcher --   ? LoRA adapter initialized: ANALYSIS
18:01:25.559 [main] INFO com.aigen.sims.routing.LoRASwitcher -- LoRA switcher initialized with 6 adapters, starting with: CHAT
]]></system-out>
  </testcase>
  <testcase name="testAdapterChange" classname="com.aigen.sims.routing.LoRASwitcherTest" time="0.01">
    <system-out><![CDATA[18:01:25.579 [main] INFO com.aigen.sims.routing.LoRASwitcher -- Initializing LoRA adapters...
18:01:25.579 [main] INFO com.aigen.sims.routing.LoRASwitcher --   ? LoRA adapter initialized: CHAT
18:01:25.579 [main] INFO com.aigen.sims.routing.LoRASwitcher --   ? LoRA adapter initialized: CODE
18:01:25.579 [main] INFO com.aigen.sims.routing.LoRASwitcher --   ? LoRA adapter initialized: PATHFIND
18:01:25.579 [main] INFO com.aigen.sims.routing.LoRASwitcher --   ? LoRA adapter initialized: MOTIVES
18:01:25.579 [main] INFO com.aigen.sims.routing.LoRASwitcher --   ? LoRA adapter initialized: CAREER
18:01:25.587 [main] INFO com.aigen.sims.routing.LoRASwitcher --   ? LoRA adapter initialized: ANALYSIS
18:01:25.587 [main] INFO com.aigen.sims.routing.LoRASwitcher -- LoRA switcher initialized with 6 adapters, starting with: CHAT
18:01:25.587 [main] DEBUG com.aigen.sims.routing.LoRAAdapter -- Unloading LoRA adapter weights: CHAT
18:01:25.587 [main] DEBUG com.aigen.sims.routing.LoRAAdapter -- Loading LoRA adapter weights: CODE
18:01:25.589 [main] INFO com.aigen.sims.routing.LoRASwitcher -- Switched LoRA adapter: CHAT ? CODE (0ms)
]]></system-out>
  </testcase>
  <testcase name="testSwitchStats" classname="com.aigen.sims.routing.LoRASwitcherTest" time="0.061">
    <failure message="&#10;Expecting actual:&#10;  0L&#10;to be greater than:&#10;  0L&#10;" type="java.lang.AssertionError"><![CDATA[java.lang.AssertionError: 

Expecting actual:
  0L
to be greater than:
  0L

	at com.aigen.sims.routing.LoRASwitcherTest.testSwitchStats(LoRASwitcherTest.java:91)
	at java.base/java.lang.reflect.Method.invoke(Method.java:568)
	at java.base/java.util.ArrayList.forEach(ArrayList.java:1511)
	at java.base/java.util.ArrayList.forEach(ArrayList.java:1511)
]]></failure>
    <system-out><![CDATA[18:01:25.589 [main] INFO com.aigen.sims.routing.LoRASwitcher -- Initializing LoRA adapters...
18:01:25.589 [main] INFO com.aigen.sims.routing.LoRASwitcher --   ? LoRA adapter initialized: CHAT
18:01:25.589 [main] INFO com.aigen.sims.routing.LoRASwitcher --   ? LoRA adapter initialized: CODE
18:01:25.589 [main] INFO com.aigen.sims.routing.LoRASwitcher --   ? LoRA adapter initialized: PATHFIND
18:01:25.589 [main] INFO com.aigen.sims.routing.LoRASwitcher --   ? LoRA adapter initialized: MOTIVES
18:01:25.589 [main] INFO com.aigen.sims.routing.LoRASwitcher --   ? LoRA adapter initialized: CAREER
18:01:25.589 [main] INFO com.aigen.sims.routing.LoRASwitcher --   ? LoRA adapter initialized: ANALYSIS
18:01:25.589 [main] INFO com.aigen.sims.routing.LoRASwitcher -- LoRA switcher initialized with 6 adapters, starting with: CHAT
18:01:25.597 [main] DEBUG com.aigen.sims.routing.LoRAAdapter -- Unloading LoRA adapter weights: CHAT
18:01:25.597 [main] DEBUG com.aigen.sims.routing.LoRAAdapter -- Loading LoRA adapter weights: CODE
18:01:25.597 [main] INFO com.aigen.sims.routing.LoRASwitcher -- Switched LoRA adapter: CHAT ? CODE (0ms)
18:01:25.597 [main] DEBUG com.aigen.sims.routing.LoRAAdapter -- Unloading LoRA adapter weights: CODE
18:01:25.597 [main] DEBUG com.aigen.sims.routing.LoRAAdapter -- Loading LoRA adapter weights: PATHFIND
18:01:25.597 [main] INFO com.aigen.sims.routing.LoRASwitcher -- Switched LoRA adapter: CODE ? PATHFIND (0ms)
18:01:25.597 [main] DEBUG com.aigen.sims.routing.LoRAAdapter -- Unloading LoRA adapter weights: PATHFIND
18:01:25.597 [main] DEBUG com.aigen.sims.routing.LoRAAdapter -- Loading LoRA adapter weights: MOTIVES
18:01:25.597 [main] INFO com.aigen.sims.routing.LoRASwitcher -- Switched LoRA adapter: PATHFIND ? MOTIVES (0ms)
18:01:25.597 [main] DEBUG com.aigen.sims.routing.LoRAAdapter -- Unloading LoRA adapter weights: MOTIVES
18:01:25.599 [main] DEBUG com.aigen.sims.routing.LoRAAdapter -- Loading LoRA adapter weights: CAREER
18:01:25.599 [main] INFO com.aigen.sims.routing.LoRASwitcher -- Switched LoRA adapter: MOTIVES ? CAREER (0ms)
18:01:25.599 [main] DEBUG com.aigen.sims.routing.LoRAAdapter -- Unloading LoRA adapter weights: CAREER
18:01:25.599 [main] DEBUG com.aigen.sims.routing.LoRAAdapter -- Loading LoRA adapter weights: ANALYSIS
18:01:25.599 [main] INFO com.aigen.sims.routing.LoRASwitcher -- Switched LoRA adapter: CAREER ? ANALYSIS (0ms)
]]></system-out>
  </testcase>
  <testcase name="testSwitchSuccess" classname="com.aigen.sims.routing.LoRASwitcherTest" time="0.01">
    <system-out><![CDATA[18:01:25.660 [main] INFO com.aigen.sims.routing.LoRASwitcher -- Initializing LoRA adapters...
18:01:25.660 [main] INFO com.aigen.sims.routing.LoRASwitcher --   ? LoRA adapter initialized: CHAT
18:01:25.668 [main] INFO com.aigen.sims.routing.LoRASwitcher --   ? LoRA adapter initialized: CODE
18:01:25.668 [main] INFO com.aigen.sims.routing.LoRASwitcher --   ? LoRA adapter initialized: PATHFIND
18:01:25.668 [main] INFO com.aigen.sims.routing.LoRASwitcher --   ? LoRA adapter initialized: MOTIVES
18:01:25.668 [main] INFO com.aigen.sims.routing.LoRASwitcher --   ? LoRA adapter initialized: CAREER
18:01:25.668 [main] INFO com.aigen.sims.routing.LoRASwitcher --   ? LoRA adapter initialized: ANALYSIS
18:01:25.668 [main] INFO com.aigen.sims.routing.LoRASwitcher -- LoRA switcher initialized with 6 adapters, starting with: CHAT
18:01:25.668 [main] DEBUG com.aigen.sims.routing.LoRAAdapter -- Unloading LoRA adapter weights: CHAT
18:01:25.669 [main] DEBUG com.aigen.sims.routing.LoRAAdapter -- Loading LoRA adapter weights: CODE
18:01:25.670 [main] INFO com.aigen.sims.routing.LoRASwitcher -- Switched LoRA adapter: CHAT ? CODE (3ms)
]]></system-out>
  </testcase>
</testsuite>